2025-07-28 14:59:58,113 - INFO - Intento 1 de descarga desde https://data.phishtank.com/data/online-valid.csv
2025-07-28 14:59:58,885 - WARNING - Error en intento 1: 404 Client Error: Not Found for url: https://cdn.phishtank.com/datadumps/verified_online.csv?Expires=1753707484&Signature=h0Qa1~g2C1VRgME5sUj5Sy9qqWxVrUi98Dpm4iiqNOF57zwpLCgnyvX8cZMnkwdTqOM9wqsSXcPakesj0R-UNGxDEV9ijA31JEf2GHMSg3nomt~GQSweI0mzQ5Mwt0WqWGHDDwdWBM~z8U0gqbPnfusH0dyxQZ0H8O-T3J6OEH4W3p1U5yekx0Cm-kVUbhNMEfPSYbFiq8GMA~jT8sP0HOqPqPZnGlfkhVVu2Cso8t2PdjYtSbwsySur6Pgrj121andb2h3oA3KhWzPt1DwrWVOVeWnsPNqhuLRhbSo0XdDIpopUA3UNU1S4T5QILTQh3XwSlwc0~ngcs5Yq3IFdNA__&Key-Pair-Id=APKAILB45UG3RB4CSOJA
2025-07-28 14:59:58,885 - INFO - Esperando 5 segundos antes del siguiente intento
2025-07-28 15:00:03,892 - INFO - Intento 2 de descarga desde https://data.phishtank.com/data/online-valid.csv
2025-07-28 15:00:04,507 - WARNING - Error en intento 2: 404 Client Error: Not Found for url: https://cdn.phishtank.com/datadumps/verified_online.csv?Expires=1753707484&Signature=h0Qa1~g2C1VRgME5sUj5Sy9qqWxVrUi98Dpm4iiqNOF57zwpLCgnyvX8cZMnkwdTqOM9wqsSXcPakesj0R-UNGxDEV9ijA31JEf2GHMSg3nomt~GQSweI0mzQ5Mwt0WqWGHDDwdWBM~z8U0gqbPnfusH0dyxQZ0H8O-T3J6OEH4W3p1U5yekx0Cm-kVUbhNMEfPSYbFiq8GMA~jT8sP0HOqPqPZnGlfkhVVu2Cso8t2PdjYtSbwsySur6Pgrj121andb2h3oA3KhWzPt1DwrWVOVeWnsPNqhuLRhbSo0XdDIpopUA3UNU1S4T5QILTQh3XwSlwc0~ngcs5Yq3IFdNA__&Key-Pair-Id=APKAILB45UG3RB4CSOJA
2025-07-28 15:00:04,507 - INFO - Esperando 5 segundos antes del siguiente intento
2025-07-28 15:00:09,513 - INFO - Intento 3 de descarga desde https://data.phishtank.com/data/online-valid.csv
2025-07-28 15:00:10,117 - WARNING - Error en intento 3: 404 Client Error: Not Found for url: https://cdn.phishtank.com/datadumps/verified_online.csv?Expires=1753707484&Signature=h0Qa1~g2C1VRgME5sUj5Sy9qqWxVrUi98Dpm4iiqNOF57zwpLCgnyvX8cZMnkwdTqOM9wqsSXcPakesj0R-UNGxDEV9ijA31JEf2GHMSg3nomt~GQSweI0mzQ5Mwt0WqWGHDDwdWBM~z8U0gqbPnfusH0dyxQZ0H8O-T3J6OEH4W3p1U5yekx0Cm-kVUbhNMEfPSYbFiq8GMA~jT8sP0HOqPqPZnGlfkhVVu2Cso8t2PdjYtSbwsySur6Pgrj121andb2h3oA3KhWzPt1DwrWVOVeWnsPNqhuLRhbSo0XdDIpopUA3UNU1S4T5QILTQh3XwSlwc0~ngcs5Yq3IFdNA__&Key-Pair-Id=APKAILB45UG3RB4CSOJA
2025-07-28 15:00:10,117 - ERROR - No se pudo descargar el feed tras 3 intentos.
2025-07-28 15:00:10,882 - INFO - Intento 1 de descarga desde https://data.phishtank.com/data/online-valid.csv
2025-07-28 15:00:11,414 - WARNING - Error en intento 1: 404 Client Error: Not Found for url: https://cdn.phishtank.com/datadumps/verified_online.csv?Expires=1753707484&Signature=h0Qa1~g2C1VRgME5sUj5Sy9qqWxVrUi98Dpm4iiqNOF57zwpLCgnyvX8cZMnkwdTqOM9wqsSXcPakesj0R-UNGxDEV9ijA31JEf2GHMSg3nomt~GQSweI0mzQ5Mwt0WqWGHDDwdWBM~z8U0gqbPnfusH0dyxQZ0H8O-T3J6OEH4W3p1U5yekx0Cm-kVUbhNMEfPSYbFiq8GMA~jT8sP0HOqPqPZnGlfkhVVu2Cso8t2PdjYtSbwsySur6Pgrj121andb2h3oA3KhWzPt1DwrWVOVeWnsPNqhuLRhbSo0XdDIpopUA3UNU1S4T5QILTQh3XwSlwc0~ngcs5Yq3IFdNA__&Key-Pair-Id=APKAILB45UG3RB4CSOJA
2025-07-28 15:00:11,414 - INFO - Esperando 5 segundos antes del siguiente intento
2025-07-28 15:00:16,420 - INFO - Intento 2 de descarga desde https://data.phishtank.com/data/online-valid.csv
2025-07-28 15:00:17,237 - WARNING - Error en intento 2: 404 Client Error: Not Found for url: https://cdn.phishtank.com/datadumps/verified_online.csv?Expires=1753707484&Signature=h0Qa1~g2C1VRgME5sUj5Sy9qqWxVrUi98Dpm4iiqNOF57zwpLCgnyvX8cZMnkwdTqOM9wqsSXcPakesj0R-UNGxDEV9ijA31JEf2GHMSg3nomt~GQSweI0mzQ5Mwt0WqWGHDDwdWBM~z8U0gqbPnfusH0dyxQZ0H8O-T3J6OEH4W3p1U5yekx0Cm-kVUbhNMEfPSYbFiq8GMA~jT8sP0HOqPqPZnGlfkhVVu2Cso8t2PdjYtSbwsySur6Pgrj121andb2h3oA3KhWzPt1DwrWVOVeWnsPNqhuLRhbSo0XdDIpopUA3UNU1S4T5QILTQh3XwSlwc0~ngcs5Yq3IFdNA__&Key-Pair-Id=APKAILB45UG3RB4CSOJA
2025-07-28 15:00:17,237 - INFO - Esperando 5 segundos antes del siguiente intento
2025-07-28 15:00:22,241 - INFO - Intento 3 de descarga desde https://data.phishtank.com/data/online-valid.csv
2025-07-28 15:00:22,672 - WARNING - Error en intento 3: 404 Client Error: Not Found for url: https://cdn.phishtank.com/datadumps/verified_online.csv?Expires=1753707484&Signature=h0Qa1~g2C1VRgME5sUj5Sy9qqWxVrUi98Dpm4iiqNOF57zwpLCgnyvX8cZMnkwdTqOM9wqsSXcPakesj0R-UNGxDEV9ijA31JEf2GHMSg3nomt~GQSweI0mzQ5Mwt0WqWGHDDwdWBM~z8U0gqbPnfusH0dyxQZ0H8O-T3J6OEH4W3p1U5yekx0Cm-kVUbhNMEfPSYbFiq8GMA~jT8sP0HOqPqPZnGlfkhVVu2Cso8t2PdjYtSbwsySur6Pgrj121andb2h3oA3KhWzPt1DwrWVOVeWnsPNqhuLRhbSo0XdDIpopUA3UNU1S4T5QILTQh3XwSlwc0~ngcs5Yq3IFdNA__&Key-Pair-Id=APKAILB45UG3RB4CSOJA
2025-07-28 15:00:22,672 - ERROR - No se pudo descargar el feed tras 3 intentos.
2025-07-28 15:06:39,945 - INFO - Intento 1 de descarga desde https://data.phishtank.com/data/online-valid.csv
2025-07-28 15:06:40,539 - WARNING - Error en intento 1: 404 Client Error: Not Found for url: https://cdn.phishtank.com/datadumps/verified_online.csv?Expires=1753707835&Signature=TZrPGqSfd0jLNC4F3Xe0yN1TTbVwhOTsVO2CqP1llvN4vjXpBkzfvp7MttmvYW4GjkjpnxU2uOkRBbPVwZToZASxDUQaLr0odQIamb2~jX7nbLXfHH-NWA1c~aGCKIbVfs8D~zwO3vngro2lwcXhA6wQvnMQI9j2E3306JpnfFArb7LSwYYQrsUXasSKG4RwNBeoGlQsjT-FSlFq3dhQnH27s3KwII1QHvJ65byKI8hVJ6OWg90V8M-8GHD9Pp~cXPr8BfatDms5CrGjHbXPZFGpAJ~yu0xEEqQTUfd8Pkcl5DxIBwbOlhxoB3lXpEJxmEVvgJ54sD8azkD8s3J1fQ__&Key-Pair-Id=APKAILB45UG3RB4CSOJA
2025-07-28 15:06:40,539 - INFO - Esperando 5 segundos antes del siguiente intento
2025-07-28 15:06:45,544 - INFO - Intento 2 de descarga desde https://data.phishtank.com/data/online-valid.csv
2025-07-28 15:06:45,940 - WARNING - Error en intento 2: 404 Client Error: Not Found for url: https://cdn.phishtank.com/datadumps/verified_online.csv?Expires=1753707835&Signature=TZrPGqSfd0jLNC4F3Xe0yN1TTbVwhOTsVO2CqP1llvN4vjXpBkzfvp7MttmvYW4GjkjpnxU2uOkRBbPVwZToZASxDUQaLr0odQIamb2~jX7nbLXfHH-NWA1c~aGCKIbVfs8D~zwO3vngro2lwcXhA6wQvnMQI9j2E3306JpnfFArb7LSwYYQrsUXasSKG4RwNBeoGlQsjT-FSlFq3dhQnH27s3KwII1QHvJ65byKI8hVJ6OWg90V8M-8GHD9Pp~cXPr8BfatDms5CrGjHbXPZFGpAJ~yu0xEEqQTUfd8Pkcl5DxIBwbOlhxoB3lXpEJxmEVvgJ54sD8azkD8s3J1fQ__&Key-Pair-Id=APKAILB45UG3RB4CSOJA
2025-07-28 15:06:45,941 - INFO - Esperando 5 segundos antes del siguiente intento
2025-07-28 15:06:50,946 - INFO - Intento 3 de descarga desde https://data.phishtank.com/data/online-valid.csv
2025-07-28 15:06:51,382 - WARNING - Error en intento 3: 404 Client Error: Not Found for url: https://cdn.phishtank.com/datadumps/verified_online.csv?Expires=1753707835&Signature=TZrPGqSfd0jLNC4F3Xe0yN1TTbVwhOTsVO2CqP1llvN4vjXpBkzfvp7MttmvYW4GjkjpnxU2uOkRBbPVwZToZASxDUQaLr0odQIamb2~jX7nbLXfHH-NWA1c~aGCKIbVfs8D~zwO3vngro2lwcXhA6wQvnMQI9j2E3306JpnfFArb7LSwYYQrsUXasSKG4RwNBeoGlQsjT-FSlFq3dhQnH27s3KwII1QHvJ65byKI8hVJ6OWg90V8M-8GHD9Pp~cXPr8BfatDms5CrGjHbXPZFGpAJ~yu0xEEqQTUfd8Pkcl5DxIBwbOlhxoB3lXpEJxmEVvgJ54sD8azkD8s3J1fQ__&Key-Pair-Id=APKAILB45UG3RB4CSOJA
2025-07-28 15:06:51,383 - ERROR - No se pudo descargar el feed tras 3 intentos.
