2025-07-28 23:00:02,543 - INFO - [OpenPhish] Intento 1 de descarga desde https://openphish.com/feed.txt
2025-07-28 23:00:03,410 - INFO - [OpenPhish] Descargadas 300 URLs en el intento 1.
2025-07-28 23:00:03,426 - INFO - [OpenPhish] Duplicados eliminados: 0
2025-07-28 23:00:03,426 - INFO - [OpenPhish] Total URLs únicas tras limpieza: 300
2025-07-28 23:00:03,437 - INFO - [OpenPhish] Guardados 300 registros en /Users/test/Desktop/phishing-detector/data/raw/phishing/openphish_20250728_230003.csv.
2025-07-29 11:00:02,878 - INFO - [OpenPhish] Intento 1 de descarga desde https://openphish.com/feed.txt
2025-07-29 11:00:03,826 - INFO - [OpenPhish] Descargadas 300 URLs en el intento 1.
2025-07-29 11:00:03,833 - INFO - [OpenPhish] Duplicados eliminados: 0
2025-07-29 11:00:03,833 - INFO - [OpenPhish] Total URLs únicas tras limpieza: 300
2025-07-29 11:00:03,840 - INFO - [OpenPhish] Guardados 300 registros en /Users/test/Desktop/phishing-detector/data/raw/phishing/openphish_20250729_110003.csv.
2025-07-29 18:59:31,989 - INFO - [OpenPhish] Intento 1 de descarga desde https://openphish.com/feed.txt
2025-07-29 18:59:32,793 - INFO - [OpenPhish] Descarga completada en el intento 1.
2025-07-29 18:59:32,802 - INFO - [OpenPhish] Duplicados eliminados: 0
2025-07-29 18:59:32,803 - INFO - [OpenPhish] Total URLs únicas tras limpieza: 300
2025-07-29 18:59:32,809 - INFO - [OpenPhish] Guardados 300 registros en /Users/test/Desktop/phishing-detector/data/raw/phishing/openphish_online_20250729_185932.csv.
2025-07-31 23:00:04,767 - INFO - [OpenPhish] Intento 1 de descarga desde https://openphish.com/feed.txt
2025-07-31 23:00:05,720 - INFO - [OpenPhish] Descarga completada en el intento 1.
2025-07-31 23:00:05,726 - INFO - [OpenPhish] Duplicados eliminados: 0
2025-07-31 23:00:05,726 - INFO - [OpenPhish] Total URLs únicas tras limpieza: 300
2025-07-31 23:00:05,734 - INFO - [OpenPhish] Guardados 300 registros en /Users/test/Desktop/phishing-detector/data/raw/phishing/openphish_online_20250731_230005.csv.
2025-08-05 11:03:21,042 - INFO - [OpenPhish] Intento 1 de descarga desde https://openphish.com/feed.txt
2025-08-05 11:03:21,969 - INFO - [OpenPhish] Descarga completada en el intento 1.
2025-08-05 11:03:21,979 - INFO - [OpenPhish] Duplicados eliminados: 0
2025-08-05 11:03:21,980 - INFO - [OpenPhish] Total URLs únicas tras limpieza: 300
2025-08-05 11:03:21,987 - INFO - [OpenPhish] Guardados 300 registros en /Users/test/Desktop/phishing-detector/data/raw/phishing/openphish_online_20250805_110321.csv.
2025-08-11 23:00:05,924 - INFO - [OpenPhish] Intento 1 de descarga desde https://openphish.com/feed.txt
2025-08-11 23:00:07,668 - INFO - [OpenPhish] Descarga completada en el intento 1.
2025-08-11 23:00:07,671 - INFO - [OpenPhish] Duplicados eliminados: 0
2025-08-11 23:00:07,671 - INFO - [OpenPhish] Total URLs únicas tras limpieza: 300
2025-08-11 23:00:07,678 - INFO - [OpenPhish] Guardados 300 registros en /Users/test/Desktop/phishing-detector/data/raw/phishing/openphish_online_20250811_230007.csv.
2025-08-13 23:00:04,426 - INFO - [OpenPhish] Intento 1 de descarga desde https://openphish.com/feed.txt
2025-08-13 23:00:06,235 - INFO - [OpenPhish] Descarga completada en el intento 1.
2025-08-13 23:00:06,242 - INFO - [OpenPhish] Duplicados eliminados: 0
2025-08-13 23:00:06,242 - INFO - [OpenPhish] Total URLs únicas tras limpieza: 300
2025-08-13 23:00:06,250 - INFO - [OpenPhish] Guardados 300 registros en /Users/test/Desktop/phishing-detector/data/raw/phishing/openphish_online_20250813_230006.csv.
2025-08-14 11:00:05,019 - INFO - [OpenPhish] Intento 1 de descarga desde https://openphish.com/feed.txt
2025-08-14 11:00:05,679 - INFO - [OpenPhish] Descarga completada en el intento 1.
2025-08-14 11:00:05,681 - INFO - [OpenPhish] Duplicados eliminados: 0
2025-08-14 11:00:05,682 - INFO - [OpenPhish] Total URLs únicas tras limpieza: 300
2025-08-14 11:00:05,689 - INFO - [OpenPhish] Guardados 300 registros en /Users/test/Desktop/phishing-detector/data/raw/phishing/openphish_online_20250814_110005.csv.
2025-08-15 23:02:46,791 - INFO - [OpenPhish] Intento 1 de descarga desde https://openphish.com/feed.txt
2025-08-15 23:02:46,813 - WARNING - [OpenPhish] Error en el intento 1: HTTPSConnectionPool(host='openphish.com', port=443): Max retries exceeded with url: /feed.txt (Caused by NameResolutionError("<urllib3.connection.HTTPSConnection object at 0x11f1367b0>: Failed to resolve 'openphish.com' ([Errno 8] nodename nor servname provided, or not known)"))
2025-08-15 23:02:46,813 - INFO - [OpenPhish] Esperando 5 segundos antes del siguiente intento
2025-08-15 23:02:51,957 - INFO - [OpenPhish] Intento 2 de descarga desde https://openphish.com/feed.txt
2025-08-15 23:02:51,962 - WARNING - [OpenPhish] Error en el intento 2: HTTPSConnectionPool(host='openphish.com', port=443): Max retries exceeded with url: /feed.txt (Caused by NameResolutionError("<urllib3.connection.HTTPSConnection object at 0x11f147ed0>: Failed to resolve 'openphish.com' ([Errno 8] nodename nor servname provided, or not known)"))
2025-08-15 23:02:51,963 - INFO - [OpenPhish] Esperando 5 segundos antes del siguiente intento
2025-08-15 23:05:16,526 - INFO - [OpenPhish] Intento 3 de descarga desde https://openphish.com/feed.txt
2025-08-15 23:05:16,529 - WARNING - [OpenPhish] Error en el intento 3: HTTPSConnectionPool(host='openphish.com', port=443): Max retries exceeded with url: /feed.txt (Caused by NameResolutionError("<urllib3.connection.HTTPSConnection object at 0x11f1e0910>: Failed to resolve 'openphish.com' ([Errno 8] nodename nor servname provided, or not known)"))
2025-08-15 23:05:16,529 - ERROR - [OpenPhish] No se pudo descargar el feed tras 3 intentos.
2025-08-16 23:00:02,875 - INFO - [OpenPhish] Intento 1 de descarga desde https://openphish.com/feed.txt
2025-08-16 23:00:04,797 - INFO - [OpenPhish] Descarga completada en el intento 1.
2025-08-16 23:00:04,804 - INFO - [OpenPhish] Duplicados eliminados: 0
2025-08-16 23:00:04,804 - INFO - [OpenPhish] Total URLs únicas tras limpieza: 300
2025-08-16 23:00:04,813 - INFO - [OpenPhish] Guardados 300 registros en /Users/test/Desktop/phishing-detector/data/raw/phishing/openphish_online_20250816_230004.csv.
2025-08-18 17:16:34,939 - INFO - [OpenPhish] Intento 1 de descarga desde https://openphish.com/feed.txt
2025-08-18 17:16:35,994 - INFO - [OpenPhish] Descarga completada en el intento 1.
2025-08-18 17:16:36,003 - INFO - [OpenPhish] Duplicados eliminados: 0
2025-08-18 17:16:36,003 - INFO - [OpenPhish] Total URLs únicas tras limpieza: 300
2025-08-18 17:16:36,011 - INFO - [OpenPhish] Guardados 300 registros en data/raw/phishing/openphish/2025-08-18.csv.
