2025-08-04 13:55:32,692 - INFO - Inicio del proceso update_tweetfeed
2025-08-04 13:55:32,692 - INFO - Repositorio ya clonado, actualizando...
2025-08-04 13:55:33,438 - INFO - Repositorio actualizado con éxito
2025-08-04 13:55:33,438 - INFO - Leyendo CSV local: ./TweetFeed/year.csv
2025-08-04 13:55:33,622 - INFO - Filas leídas: 140586
2025-08-04 13:55:33,631 - INFO - URLs filtradas: 68922
2025-08-04 13:55:33,638 - INFO - URLs únicas después de deduplicar: 65185
2025-08-04 13:55:33,778 - INFO - Datos guardados en: ./phishing-detector/data/raw/phishing/phishing_urls_year_20250804_115533.csv
2025-08-04 13:55:33,778 - INFO - Proceso completado correctamente
2025-08-04 13:57:21,028 - INFO - Inicio del proceso update_tweetfeed
2025-08-04 13:57:21,028 - INFO - Repositorio ya clonado, actualizando...
2025-08-04 13:57:22,660 - INFO - Repositorio actualizado con éxito
2025-08-04 13:57:22,661 - INFO - Leyendo CSV local: ./TweetFeed/year.csv
2025-08-04 13:57:22,833 - INFO - Filas leídas: 140586
2025-08-04 13:57:22,842 - INFO - URLs filtradas: 68922
2025-08-04 13:57:22,849 - INFO - URLs únicas después de deduplicar: 65185
2025-08-04 13:57:22,989 - INFO - Datos guardados en: ./phishing-detector/data/raw/phishing/phishing_urls_year_20250804_115722.csv
2025-08-04 13:57:22,989 - INFO - Proceso completado correctamente
2025-08-04 13:58:28,459 - INFO - Inicio del proceso update_tweetfeed
2025-08-04 13:58:28,460 - INFO - Repositorio ya clonado, actualizando...
2025-08-04 13:58:29,145 - INFO - Repositorio actualizado con éxito
2025-08-04 13:58:29,146 - INFO - Leyendo CSV local: ./TweetFeed/year.csv
2025-08-04 13:58:29,333 - INFO - Filas leídas: 140586
2025-08-04 13:58:29,342 - INFO - URLs filtradas: 68922
2025-08-04 13:58:29,350 - INFO - URLs únicas después de deduplicar: 65185
2025-08-04 13:58:29,489 - INFO - Datos guardados en: ./phishing-detector/data/raw/phishing/phishing_urls_year_20250804_115829.csv
2025-08-04 13:58:29,489 - INFO - Proceso completado correctamente
